<?xml version="1.0" encoding="UTF-8"?>
<testng-results skipped="0" failed="0" total="1" passed="1">
  <reporter-output>
  </reporter-output>
  <suite name="Suite" duration-ms="9156" started-at="2019-07-02T14:27:13Z" finished-at="2019-07-02T14:27:22Z">
    <groups>
    </groups>
    <test name="Test" duration-ms="9156" started-at="2019-07-02T14:27:13Z" finished-at="2019-07-02T14:27:22Z">
      <class name="sampletests.FirstTest">
        <test-method status="PASS" signature="open()[pri:0, instance:sampletests.FirstTest@7ac7a4e4]" name="open" duration-ms="9145" started-at="2019-07-02T19:57:13Z" finished-at="2019-07-02T19:57:22Z">
          <reporter-output>
          </reporter-output>
        </test-method> <!-- open -->
      </class> <!-- sampletests.FirstTest -->
    </test> <!-- Test -->
  </suite> <!-- Suite -->
</testng-results>
