<?xml version="1.0" encoding="UTF-8"?>
<testng-results skipped="0" failed="0" total="2" passed="2">
  <reporter-output>
  </reporter-output>
  <suite name="Default suite" duration-ms="21514" started-at="2019-07-04T06:15:17Z" finished-at="2019-07-04T06:15:39Z">
    <groups>
    </groups>
    <test name="Default test" duration-ms="21514" started-at="2019-07-04T06:15:17Z" finished-at="2019-07-04T06:15:39Z">
      <class name="sampletests.FirstTest">
        <test-method status="PASS" signature="open()[pri:0, instance:sampletests.FirstTest@7ac7a4e4]" name="open" duration-ms="10552" started-at="2019-07-04T11:45:17Z" finished-at="2019-07-04T11:45:28Z">
          <reporter-output>
          </reporter-output>
        </test-method> <!-- open -->
        <test-method status="PASS" signature="open2()[pri:0, instance:sampletests.FirstTest@7ac7a4e4]" name="open2" duration-ms="10930" started-at="2019-07-04T11:45:28Z" finished-at="2019-07-04T11:45:38Z">
          <reporter-output>
          </reporter-output>
        </test-method> <!-- open2 -->
      </class> <!-- sampletests.FirstTest -->
    </test> <!-- Default test -->
  </suite> <!-- Default suite -->
</testng-results>
